----------------------------------------------------------------
<<<<<<< HEAD
Wed Jan 15 12:59:27 CET 2020:
Booting Derby version The Apache Software Foundation - Apache Derby - 10.11.1.1 - (1616546): instance a816c00e-016f-a912-957e-0000038a9ea8 
on database directory /home/barry/Documents/microservice_project/enseignant/mydb with class loader sun.misc.Launcher$AppClassLoader@3d4eac69 
Loaded from file:/home/barry/.m2/repository/org/apache/derby/derby/10.11.1.1/derby-10.11.1.1.jar
=======
Fri Jan 17 09:22:37 CET 2020:
Booting Derby version The Apache Software Foundation - Apache Derby - 10.11.1.1 - (1616546): instance a816c00e-016f-b298-c4bf-000003375480 
on database directory E:\Workspace_Intellij\microservice_project\enseignant\mydb with class loader sun.misc.Launcher$AppClassLoader@6bc7c054 
Loaded from file:/C:/Users/camara/.m2/repository/org/apache/derby/derby/10.11.1.1/derby-10.11.1.1.jar
>>>>>>> 41e797b21f3ad40238bb715bc96fbf28dcf47276
java.vendor=Oracle Corporation
java.runtime.version=1.8.0_92-b14
user.dir=E:\Workspace_Intellij\microservice_project\enseignant
os.name=Windows 10
os.arch=amd64
<<<<<<< HEAD
os.version=4.15.0-74-generic
=======
os.version=10.0
>>>>>>> 41e797b21f3ad40238bb715bc96fbf28dcf47276
derby.system.home=null
Database Class Loader started - derby.database.classpath=''
